Build started 2013-11-27 20:30:33.
     1>Project "d:\Szacun\documents\visual studio 2013\Projects\ZMPO3\ZMPO3\ZMPO3.vcxproj" on node 2 (Rebuild target(s)).
     1>ClCompile:
         C:\Program Files (x86)\Microsoft Visual Studio 12.0\VC\bin\CL.exe /c /ZI /nologo /W3 /WX- /sdl /Od /Oy- /D WIN32 /D _DEBUG /D _CONSOLE /D _LIB /D _UNICODE /D UNICODE /Gm /EHsc /RTC1 /MDd /GS /fp:precise /Zc:wchar_t /Zc:forScope /Fo"Debug\\" /Fd"Debug\vc120.pdb" /Gd /TP /analyze- /errorReport:prompt Calculator.cpp ErrorCode.cpp Expression.cpp ExpressionParser.cpp main.cpp OperatorFactory.cpp OperatorNodes.cpp SymbolTable.cpp Test.cpp
         Test.cpp
         SymbolTable.cpp
         OperatorNodes.cpp
         OperatorFactory.cpp
         main.cpp
         ExpressionParser.cpp
         Expression.cpp
         ErrorCode.cpp
         Calculator.cpp
         Generating Code...
       Link:
         C:\Program Files (x86)\Microsoft Visual Studio 12.0\VC\bin\link.exe /ERRORREPORT:PROMPT /OUT:"d:\Szacun\documents\visual studio 2013\Projects\ZMPO3\Debug\ZMPO3.exe" /INCREMENTAL /NOLOGO kernel32.lib user32.lib gdi32.lib winspool.lib comdlg32.lib advapi32.lib shell32.lib ole32.lib oleaut32.lib uuid.lib odbc32.lib odbccp32.lib /MANIFEST /MANIFESTUAC:"level='asInvoker' uiAccess='false'" /manifest:embed /DEBUG /PDB:"d:\Szacun\documents\visual studio 2013\Projects\ZMPO3\Debug\ZMPO3.pdb" /SUBSYSTEM:CONSOLE /TLBID:1 /DYNAMICBASE /NXCOMPAT /IMPLIB:"d:\Szacun\documents\visual studio 2013\Projects\ZMPO3\Debug\ZMPO3.lib" /MACHINE:X86 Debug\Calculator.obj
         Debug\ErrorCode.obj
         Debug\Expression.obj
         Debug\ExpressionParser.obj
         Debug\main.obj
         Debug\OperatorFactory.obj
         Debug\OperatorNodes.obj
         Debug\SymbolTable.obj
         Debug\Test.obj
         ZMPO3.vcxproj -> d:\Szacun\documents\visual studio 2013\Projects\ZMPO3\Debug\ZMPO3.exe
     1>Done Building Project "d:\Szacun\documents\visual studio 2013\Projects\ZMPO3\ZMPO3\ZMPO3.vcxproj" (Rebuild target(s)).

Build succeeded.

Time Elapsed 00:00:04.23
