D:\SZACUN\DOCUMENTS\VISUAL STUDIO 2013\PROJECTS\ZMPO3\ZMPO3\DEBUG\VC120.PDB
D:\SZACUN\DOCUMENTS\VISUAL STUDIO 2013\PROJECTS\ZMPO3\ZMPO3\DEBUG\VC120.IDB
D:\SZACUN\DOCUMENTS\VISUAL STUDIO 2013\PROJECTS\ZMPO3\ZMPO3\DEBUG\CALCULATOR.OBJ
D:\SZACUN\DOCUMENTS\VISUAL STUDIO 2013\PROJECTS\ZMPO3\ZMPO3\DEBUG\EXPRESSION.OBJ
D:\SZACUN\DOCUMENTS\VISUAL STUDIO 2013\PROJECTS\ZMPO3\ZMPO3\DEBUG\EXPRESSIONPARSER.OBJ
D:\SZACUN\DOCUMENTS\VISUAL STUDIO 2013\PROJECTS\ZMPO3\ZMPO3\DEBUG\MAIN.OBJ
D:\SZACUN\DOCUMENTS\VISUAL STUDIO 2013\PROJECTS\ZMPO3\ZMPO3\DEBUG\OPERATORFACTORY.OBJ
D:\SZACUN\DOCUMENTS\VISUAL STUDIO 2013\PROJECTS\ZMPO3\ZMPO3\DEBUG\OPERATORNODES.OBJ
D:\SZACUN\DOCUMENTS\VISUAL STUDIO 2013\PROJECTS\ZMPO3\ZMPO3\DEBUG\SYMBOLTABLE.OBJ
D:\SZACUN\DOCUMENTS\VISUAL STUDIO 2013\PROJECTS\ZMPO3\ZMPO3\DEBUG\TEST.OBJ
d:\Szacun\documents\visual studio 2013\Projects\ZMPO3\ZMPO3\Debug\Calculator.obj
d:\Szacun\documents\visual studio 2013\Projects\ZMPO3\ZMPO3\Debug\Expression.obj
d:\Szacun\documents\visual studio 2013\Projects\ZMPO3\ZMPO3\Debug\ExpressionParser.obj
d:\Szacun\documents\visual studio 2013\Projects\ZMPO3\ZMPO3\Debug\main.obj
d:\Szacun\documents\visual studio 2013\Projects\ZMPO3\ZMPO3\Debug\OperatorFactory.obj
d:\Szacun\documents\visual studio 2013\Projects\ZMPO3\ZMPO3\Debug\OperatorNodes.obj
d:\Szacun\documents\visual studio 2013\Projects\ZMPO3\ZMPO3\Debug\SymbolTable.obj
d:\Szacun\documents\visual studio 2013\Projects\ZMPO3\ZMPO3\Debug\Test.obj
d:\Szacun\documents\visual studio 2013\Projects\ZMPO3\ZMPO3\Debug\vc120.idb
d:\Szacun\documents\visual studio 2013\Projects\ZMPO3\ZMPO3\Debug\vc120.pdb
d:\Szacun\documents\visual studio 2013\Projects\ZMPO3\ZMPO3\Debug\ZMPO3.tlog\cl.command.1.tlog
d:\Szacun\documents\visual studio 2013\Projects\ZMPO3\ZMPO3\Debug\ZMPO3.tlog\CL.read.1.tlog
d:\Szacun\documents\visual studio 2013\Projects\ZMPO3\ZMPO3\Debug\ZMPO3.tlog\CL.write.1.tlog
